<?xml version="1.0" encoding="UTF-8"?>
<testng-results total="2" passed="2" failed="0" skipped="0">
  <reporter-output>
  </reporter-output>
  <suite started-at="2022-12-10T10:20:07Z" name="Suite" finished-at="2022-12-10T10:20:28Z" duration-ms="20862">
    <groups>
    </groups>
    <test started-at="2022-12-10T10:20:07Z" name="Validate User Login" finished-at="2022-12-10T10:20:28Z" duration-ms="20862">
      <class name="Academy.HomePage">
        <test-method is-config="true" signature="initialize()[pri:0, instance:Academy.HomePage@52066604]" started-at="2022-12-10T15:50:07Z" name="initialize" finished-at="2022-12-10T15:50:11Z" duration-ms="3467" status="PASS">
          <reporter-output>
          </reporter-output>
        </test-method> <!-- initialize -->
        <test-method signature="basePageNavigation(java.lang.String, java.lang.String, java.lang.String)[pri:0, instance:Academy.HomePage@52066604]" started-at="2022-12-10T15:50:11Z" name="basePageNavigation" data-provider="getData" finished-at="2022-12-10T15:50:24Z" duration-ms="13571" status="PASS">
          <params>
            <param index="0">
              <value>
                <![CDATA[nonRestrictedUser@qw.com]]>
              </value>
            </param>
            <param index="1">
              <value>
                <![CDATA[password123456]]>
              </value>
            </param>
            <param index="2">
              <value>
                <![CDATA[This is a nonRestricted User!]]>
              </value>
            </param>
          </params>
          <reporter-output>
          </reporter-output>
        </test-method> <!-- basePageNavigation -->
        <test-method signature="basePageNavigation(java.lang.String, java.lang.String, java.lang.String)[pri:0, instance:Academy.HomePage@52066604]" started-at="2022-12-10T15:50:24Z" name="basePageNavigation" data-provider="getData" finished-at="2022-12-10T15:50:28Z" duration-ms="3580" status="PASS">
          <params>
            <param index="0">
              <value>
                <![CDATA[restrictedUser@qw.com]]>
              </value>
            </param>
            <param index="1">
              <value>
                <![CDATA[password12345678]]>
              </value>
            </param>
            <param index="2">
              <value>
                <![CDATA[This is a Restricted User!]]>
              </value>
            </param>
          </params>
          <reporter-output>
          </reporter-output>
        </test-method> <!-- basePageNavigation -->
        <test-method is-config="true" signature="teardown()[pri:0, instance:Academy.HomePage@52066604]" started-at="2022-12-10T15:50:28Z" name="teardown" finished-at="2022-12-10T15:50:28Z" duration-ms="220" status="PASS">
          <reporter-output>
          </reporter-output>
        </test-method> <!-- teardown -->
      </class> <!-- Academy.HomePage -->
    </test> <!-- Validate User Login -->
  </suite> <!-- Suite -->
</testng-results>
