<?xml version="1.0" encoding="UTF-8"?>
<testng-results ignored="0" total="1" passed="1" failed="0" skipped="0">
  <reporter-output>
  </reporter-output>
  <suite started-at="2022-12-15T23:35:38 IST" name="Suite" finished-at="2022-12-15T23:35:43 IST" duration-ms="4653">
    <groups>
    </groups>
    <test started-at="2022-12-15T23:35:38 IST" name="Validate the Title of Home Page" finished-at="2022-12-15T23:35:43 IST" duration-ms="4653">
      <class name="Academy.validateTitle">
        <test-method is-config="true" signature="initialize()[pri:0, instance:Academy.validateTitle@1b8a29df]" started-at="2022-12-15T23:35:38 IST" name="initialize" finished-at="2022-12-15T23:35:40 IST" duration-ms="2032" status="PASS">
          <reporter-output>
          </reporter-output>
        </test-method> <!-- initialize -->
        <test-method signature="basePageNavigation()[pri:0, instance:Academy.validateTitle@1b8a29df]" started-at="2022-12-15T23:35:40 IST" name="basePageNavigation" finished-at="2022-12-15T23:35:42 IST" duration-ms="2452" status="PASS">
          <reporter-output>
          </reporter-output>
        </test-method> <!-- basePageNavigation -->
        <test-method is-config="true" signature="teardown()[pri:0, instance:Academy.validateTitle@1b8a29df]" started-at="2022-12-15T23:35:42 IST" name="teardown" finished-at="2022-12-15T23:35:43 IST" duration-ms="119" status="PASS">
          <reporter-output>
          </reporter-output>
        </test-method> <!-- teardown -->
      </class> <!-- Academy.validateTitle -->
    </test> <!-- Validate the Title of Home Page -->
  </suite> <!-- Suite -->
</testng-results>
